<?xml version="1.0" encoding="UTF-8"?>
<!-- Generated by org.testng.reporters.JUnitReportReporter -->
<testsuite hostname="SUBHADEEP" failures="0" tests="4" name="com.Ecommerce.Infosys.Scripts.Testcase2" time="83.856" errors="0" timestamp="2022-08-24T08:18:28 IST" skipped="0">
  <testcase classname="com.Ecommerce.Infosys.Scripts.Testcase2" name="tc2" time="20.765"/>
  <system-out/>
  <testcase classname="com.Ecommerce.Infosys.Scripts.Testcase2" name="tc2" time="24.053"/>
  <system-out/>
  <testcase classname="com.Ecommerce.Infosys.Scripts.Testcase2" name="tc2" time="19.750"/>
  <system-out/>
  <testcase classname="com.Ecommerce.Infosys.Scripts.Testcase2" name="tc2" time="19.288"/>
  <system-out/>
</testsuite> <!-- com.Ecommerce.Infosys.Scripts.Testcase2 -->
