<?xml version="1.0" encoding="UTF-8"?>
<!-- Generated by org.testng.reporters.JUnitReportReporter -->
<testsuite hostname="SUBHADEEP" failures="0" tests="1" name="com.Ecommerce.Infosys.Scripts.Testcase1" time="10.641" errors="0" timestamp="2022-08-22T08:32:00 IST" skipped="0">
  <testcase classname="com.Ecommerce.Infosys.Scripts.Testcase1" name="testcase1" time="10.641"/>
  <system-out/>
</testsuite> <!-- com.Ecommerce.Infosys.Scripts.Testcase1 -->
