<?xml version="1.0" encoding="UTF-8"?>
<!-- Generated by org.testng.reporters.JUnitReportReporter -->
<testsuite hostname="SUBHADEEP" failures="0" tests="1" name="com.Ecommerce.Infosys.Scripts.TestCase3" time="23.220" errors="0" timestamp="2022-08-25T13:08:44 IST" skipped="0">
  <testcase classname="com.Ecommerce.Infosys.Scripts.TestCase3" name="tc3" time="23.220"/>
  <system-out/>
</testsuite> <!-- com.Ecommerce.Infosys.Scripts.TestCase3 -->
