<?xml version="1.0" encoding="UTF-8"?>
<!-- Generated by org.testng.reporters.JUnitReportReporter -->
<testsuite hostname="SUBHADEEP" failures="0" tests="1" name="com.Ecommerce.Infosys.Scripts.TestCase4" time="16.239" errors="0" timestamp="2022-08-24T09:43:06 IST" skipped="0">
  <testcase classname="com.Ecommerce.Infosys.Scripts.TestCase4" name="tc4" time="16.239"/>
  <system-out>
    <![CDATA[data not matching
data not matching
data not matching]]>
  </system-out>
</testsuite> <!-- com.Ecommerce.Infosys.Scripts.TestCase4 -->
